<?xml version="1.0" encoding="UTF-8"?>
<testsuite xmlns:xsi="http://www.w3.org/2001/XMLSchema-instance" xsi:noNamespaceSchemaLocation="https://maven.apache.org/surefire/maven-surefire-plugin/xsd/surefire-test-report.xsd" name="com.ait.sales.SalesPersonTest" time="0.02" tests="13" errors="0" skipped="0" failures="0">
  <properties>
[...]
</properties>
  <testcase name="testShouldBeDismissedStocksTrue" classname="com.ait.sales.SalesPersonTest" time="0.009"/>
  <testcase name="testTotalSales" classname="com.ait.sales.SalesPersonTest" time="0"/>
  <testcase name="testShouldBeDismissedFalse" classname="com.ait.sales.SalesPersonTest" time="0.001"/>
  <testcase name="testSalesPersonConstructed" classname="com.ait.sales.SalesPersonTest" time="0"/>
  <testcase name="testYearsOfServiceChanged" classname="com.ait.sales.SalesPersonTest" time="0.001"/>
  <testcase name="testNameChanged" classname="com.ait.sales.SalesPersonTest" time="0"/>
  <testcase name="testCommissionSalesMoreThan1000" classname="com.ait.sales.SalesPersonTest" time="0.001"/>
  <testcase name="testEligibleForBonusFalseMoreThan5Years" classname="com.ait.sales.SalesPersonTest" time="0"/>
  <testcase name="testEligibleForBonusFalseLessThan50Stock" classname="com.ait.sales.SalesPersonTest" time="0.001"/>
  <testcase name="testShouldBeDismissedLocksTrue" classname="com.ait.sales.SalesPersonTest" time="0.001"/>
  <testcase name="testShouldBeDismissedBarrelsTrue" classname="com.ait.sales.SalesPersonTest" time="0"/>
  <testcase name="testEligibleForBonusTrue" classname="com.ait.sales.SalesPersonTest" time="0"/>
  <testcase name="testCommissionSalesLessOrEqual1000" classname="com.ait.sales.SalesPersonTest" time="0"/>
</testsuite>